<?xml version="1.0" encoding="UTF-8"?>
<!-- Generated by org.testng.reporters.JUnitReportReporter -->
<testsuite hostname="Vaibhav-HP" failures="0" tests="1" name="testCases.TC_LeadTest" time="112.419" errors="0" timestamp="2024-09-17T22:43:07 IST" skipped="0">
  <testcase classname="testCases.TC_LeadTest" name="verifyLeadCreate" time="112.419"/>
</testsuite> <!-- testCases.TC_LeadTest -->
