<?xml version="1.0" encoding="UTF-8"?>
<!-- Generated by org.testng.reporters.JUnitReportReporter -->
<testsuite hostname="Vaibhav-HP" failures="0" tests="1" name="testCases.TC_LeadTest" time="76.239" errors="0" timestamp="2024-09-09T00:27:07 IST" skipped="0">
  <testcase classname="testCases.TC_LeadTest" name="verifyLeadCreate" time="76.239"/>
</testsuite> <!-- testCases.TC_LeadTest -->
