<?xml version="1.0" encoding="UTF-8"?>
<!-- Generated by org.testng.reporters.JUnitReportReporter -->
<testsuite hostname="EBSPC106" failures="0" tests="1" name="testCases.TC_LeadTest" time="22.762" errors="0" timestamp="2024-09-09T17:59:53 IST" skipped="0">
  <testcase classname="testCases.TC_LeadTest" name="verifyLeadCreate" time="22.762"/>
</testsuite> <!-- testCases.TC_LeadTest -->
